<?xml version="1.0" encoding="UTF-8"?>
<!-- Generated by org.testng.reporters.JUnitReportReporter -->
<testsuite hostname="win10entx64est" name="eleks.eset.sample.SmokeTests" tests="1" failures="0" timestamp="20 Nov 2018 09:08:19 GMT" time="20.538" errors="0">
  <testcase name="CollapseExpandTest" time="20.538" classname="eleks.eset.sample.SmokeTests"/>
</testsuite> <!-- eleks.eset.sample.SmokeTests -->
